<?xml version="1.0" encoding="UTF-8"?>
<!-- Generated by org.testng.reporters.JUnitXMLReporter -->
<testsuite ignored="0" hostname="5CG21213N1" failures="1" tests="3" name="Testing all TCs" time="3.852" errors="0" timestamp="2022-12-26T23:55:02 GMT">
  <testcase classname="GetRequestTest.ValidateGetRequestTest" name="getRequestPathParamTest" time="3.206">
    <failure type="java.lang.AssertionError" message="expected [fuchsia rose] but found [null]">
      <![CDATA[java.lang.AssertionError: expected [fuchsia rose] but found [null]
at GetRequestTest.ValidateGetRequestTest.getRequestPathParamTest(ValidateGetRequestTest.java:44)
at java.base/java.util.ArrayList.forEach(ArrayList.java:1511)
... Removed 32 stack frames]]>
    </failure>
  </testcase> <!-- getRequestPathParamTest -->
  <testcase classname="GetRequestTest.ValidateGetRequestTest" name="getRequestQueryParamTest" time="0.205"/>
  <testcase classname="PostResquestTest.ValidationPostRequestTest" name="PostRequestTest" time="0.293"/>
</testsuite> <!-- Testing all TCs -->
